Start testing: Jul 02 00:34 IDT
----------------------------------------------------------
1/35 Testing: malloc_1.Sanity
1/35 Test: malloc_1.Sanity
Command: "/mnt/c/Users/Saleh/Desktop/OS/Spring/OS_HW4_SPRING23/Wet/build/tests/malloc_1_test" "Sanity"
Directory: /mnt/c/Users/Saleh/Desktop/OS/Spring/OS_HW4_SPRING23/Wet/build/tests
"malloc_1.Sanity" start time: Jul 02 00:34 IDT
Output:
----------------------------------------------------------
Filters: Sanity
Randomness seeded to: 2950330850
===============================================================================
All tests passed (2 assertions in 1 test case)

<end of output>
Test time =   0.01 sec
----------------------------------------------------------
Test Passed.
"malloc_1.Sanity" end time: Jul 02 00:34 IDT
"malloc_1.Sanity" time elapsed: 00:00:00
----------------------------------------------------------

2/35 Testing: malloc_1.Check size
2/35 Test: malloc_1.Check size
Command: "/mnt/c/Users/Saleh/Desktop/OS/Spring/OS_HW4_SPRING23/Wet/build/tests/malloc_1_test" "Check size"
Directory: /mnt/c/Users/Saleh/Desktop/OS/Spring/OS_HW4_SPRING23/Wet/build/tests
"malloc_1.Check size" start time: Jul 02 00:34 IDT
Output:
----------------------------------------------------------
Filters: Check size
Randomness seeded to: 3940926107
===============================================================================
All tests passed (6 assertions in 1 test case)

<end of output>
Test time =   0.01 sec
----------------------------------------------------------
Test Passed.
"malloc_1.Check size" end time: Jul 02 00:34 IDT
"malloc_1.Check size" time elapsed: 00:00:00
----------------------------------------------------------

3/35 Testing: malloc_1.0 size
3/35 Test: malloc_1.0 size
Command: "/mnt/c/Users/Saleh/Desktop/OS/Spring/OS_HW4_SPRING23/Wet/build/tests/malloc_1_test" "0 size"
Directory: /mnt/c/Users/Saleh/Desktop/OS/Spring/OS_HW4_SPRING23/Wet/build/tests
"malloc_1.0 size" start time: Jul 02 00:34 IDT
Output:
----------------------------------------------------------
Filters: 0 size
Randomness seeded to: 2039988863
===============================================================================
All tests passed (2 assertions in 1 test case)

<end of output>
Test time =   0.01 sec
----------------------------------------------------------
Test Passed.
"malloc_1.0 size" end time: Jul 02 00:34 IDT
"malloc_1.0 size" time elapsed: 00:00:00
----------------------------------------------------------

4/35 Testing: malloc_1.Max size
4/35 Test: malloc_1.Max size
Command: "/mnt/c/Users/Saleh/Desktop/OS/Spring/OS_HW4_SPRING23/Wet/build/tests/malloc_1_test" "Max size"
Directory: /mnt/c/Users/Saleh/Desktop/OS/Spring/OS_HW4_SPRING23/Wet/build/tests
"malloc_1.Max size" start time: Jul 02 00:34 IDT
Output:
----------------------------------------------------------
Filters: Max size
Randomness seeded to: 1513448425
===============================================================================
All tests passed (4 assertions in 1 test case)

<end of output>
Test time =   0.01 sec
----------------------------------------------------------
Test Passed.
"malloc_1.Max size" end time: Jul 02 00:34 IDT
"malloc_1.Max size" time elapsed: 00:00:00
----------------------------------------------------------

5/35 Testing: malloc_2.Sanity
5/35 Test: malloc_2.Sanity
Command: "/mnt/c/Users/Saleh/Desktop/OS/Spring/OS_HW4_SPRING23/Wet/build/tests/malloc_2_test" "Sanity"
Directory: /mnt/c/Users/Saleh/Desktop/OS/Spring/OS_HW4_SPRING23/Wet/build/tests
"malloc_2.Sanity" start time: Jul 02 00:34 IDT
Output:
----------------------------------------------------------
Filters: Sanity
Randomness seeded to: 582581459
===============================================================================
All tests passed (19 assertions in 1 test case)

<end of output>
Test time =   0.02 sec
----------------------------------------------------------
Test Passed.
"malloc_2.Sanity" end time: Jul 02 00:34 IDT
"malloc_2.Sanity" time elapsed: 00:00:00
----------------------------------------------------------

6/35 Testing: malloc_2.Check size
6/35 Test: malloc_2.Check size
Command: "/mnt/c/Users/Saleh/Desktop/OS/Spring/OS_HW4_SPRING23/Wet/build/tests/malloc_2_test" "Check size"
Directory: /mnt/c/Users/Saleh/Desktop/OS/Spring/OS_HW4_SPRING23/Wet/build/tests
"malloc_2.Check size" start time: Jul 02 00:34 IDT
Output:
----------------------------------------------------------
Filters: Check size
Randomness seeded to: 3987605642
===============================================================================
All tests passed (33 assertions in 1 test case)

<end of output>
Test time =   0.01 sec
----------------------------------------------------------
Test Passed.
"malloc_2.Check size" end time: Jul 02 00:34 IDT
"malloc_2.Check size" time elapsed: 00:00:00
----------------------------------------------------------

7/35 Testing: malloc_2.0 size
7/35 Test: malloc_2.0 size
Command: "/mnt/c/Users/Saleh/Desktop/OS/Spring/OS_HW4_SPRING23/Wet/build/tests/malloc_2_test" "0 size"
Directory: /mnt/c/Users/Saleh/Desktop/OS/Spring/OS_HW4_SPRING23/Wet/build/tests
"malloc_2.0 size" start time: Jul 02 00:34 IDT
Output:
----------------------------------------------------------
Filters: 0 size
Randomness seeded to: 3463314626
===============================================================================
All tests passed (13 assertions in 1 test case)

<end of output>
Test time =   0.01 sec
----------------------------------------------------------
Test Passed.
"malloc_2.0 size" end time: Jul 02 00:34 IDT
"malloc_2.0 size" time elapsed: 00:00:00
----------------------------------------------------------

8/35 Testing: malloc_2.Max size
8/35 Test: malloc_2.Max size
Command: "/mnt/c/Users/Saleh/Desktop/OS/Spring/OS_HW4_SPRING23/Wet/build/tests/malloc_2_test" "Max size"
Directory: /mnt/c/Users/Saleh/Desktop/OS/Spring/OS_HW4_SPRING23/Wet/build/tests
"malloc_2.Max size" start time: Jul 02 00:34 IDT
Output:
----------------------------------------------------------
Filters: Max size
Randomness seeded to: 526557468
===============================================================================
All tests passed (27 assertions in 1 test case)

<end of output>
Test time =   0.01 sec
----------------------------------------------------------
Test Passed.
"malloc_2.Max size" end time: Jul 02 00:34 IDT
"malloc_2.Max size" time elapsed: 00:00:00
----------------------------------------------------------

9/35 Testing: malloc_2.free
9/35 Test: malloc_2.free
Command: "/mnt/c/Users/Saleh/Desktop/OS/Spring/OS_HW4_SPRING23/Wet/build/tests/malloc_2_test" "free"
Directory: /mnt/c/Users/Saleh/Desktop/OS/Spring/OS_HW4_SPRING23/Wet/build/tests
"malloc_2.free" start time: Jul 02 00:34 IDT
Output:
----------------------------------------------------------
Filters: free
Randomness seeded to: 467726501
===============================================================================
All tests passed (59 assertions in 1 test case)

<end of output>
Test time =   0.02 sec
----------------------------------------------------------
Test Passed.
"malloc_2.free" end time: Jul 02 00:34 IDT
"malloc_2.free" time elapsed: 00:00:00
----------------------------------------------------------

10/35 Testing: malloc_2.free 2
10/35 Test: malloc_2.free 2
Command: "/mnt/c/Users/Saleh/Desktop/OS/Spring/OS_HW4_SPRING23/Wet/build/tests/malloc_2_test" "free 2"
Directory: /mnt/c/Users/Saleh/Desktop/OS/Spring/OS_HW4_SPRING23/Wet/build/tests
"malloc_2.free 2" start time: Jul 02 00:34 IDT
Output:
----------------------------------------------------------
Filters: free 2
Randomness seeded to: 1314461367
===============================================================================
All tests passed (59 assertions in 1 test case)

<end of output>
Test time =   0.01 sec
----------------------------------------------------------
Test Passed.
"malloc_2.free 2" end time: Jul 02 00:34 IDT
"malloc_2.free 2" time elapsed: 00:00:00
----------------------------------------------------------

11/35 Testing: malloc_2.free 3
11/35 Test: malloc_2.free 3
Command: "/mnt/c/Users/Saleh/Desktop/OS/Spring/OS_HW4_SPRING23/Wet/build/tests/malloc_2_test" "free 3"
Directory: /mnt/c/Users/Saleh/Desktop/OS/Spring/OS_HW4_SPRING23/Wet/build/tests
"malloc_2.free 3" start time: Jul 02 00:34 IDT
Output:
----------------------------------------------------------
Filters: free 3
Randomness seeded to: 2830276776
===============================================================================
All tests passed (59 assertions in 1 test case)

<end of output>
Test time =   0.02 sec
----------------------------------------------------------
Test Passed.
"malloc_2.free 3" end time: Jul 02 00:34 IDT
"malloc_2.free 3" time elapsed: 00:00:00
----------------------------------------------------------

12/35 Testing: malloc_2.Reuse
12/35 Test: malloc_2.Reuse
Command: "/mnt/c/Users/Saleh/Desktop/OS/Spring/OS_HW4_SPRING23/Wet/build/tests/malloc_2_test" "Reuse"
Directory: /mnt/c/Users/Saleh/Desktop/OS/Spring/OS_HW4_SPRING23/Wet/build/tests
"malloc_2.Reuse" start time: Jul 02 00:34 IDT
Output:
----------------------------------------------------------
Filters: Reuse
Randomness seeded to: 3566009942
===============================================================================
All tests passed (32 assertions in 1 test case)

<end of output>
Test time =   0.02 sec
----------------------------------------------------------
Test Passed.
"malloc_2.Reuse" end time: Jul 02 00:34 IDT
"malloc_2.Reuse" time elapsed: 00:00:00
----------------------------------------------------------

13/35 Testing: malloc_2.Reuse two blocks
13/35 Test: malloc_2.Reuse two blocks
Command: "/mnt/c/Users/Saleh/Desktop/OS/Spring/OS_HW4_SPRING23/Wet/build/tests/malloc_2_test" "Reuse two blocks"
Directory: /mnt/c/Users/Saleh/Desktop/OS/Spring/OS_HW4_SPRING23/Wet/build/tests
"malloc_2.Reuse two blocks" start time: Jul 02 00:34 IDT
Output:
----------------------------------------------------------
Filters: Reuse two blocks
Randomness seeded to: 3338683282
===============================================================================
All tests passed (46 assertions in 1 test case)

<end of output>
Test time =   0.02 sec
----------------------------------------------------------
Test Passed.
"malloc_2.Reuse two blocks" end time: Jul 02 00:34 IDT
"malloc_2.Reuse two blocks" time elapsed: 00:00:00
----------------------------------------------------------

14/35 Testing: malloc_2.Reuse two blocks reverse
14/35 Test: malloc_2.Reuse two blocks reverse
Command: "/mnt/c/Users/Saleh/Desktop/OS/Spring/OS_HW4_SPRING23/Wet/build/tests/malloc_2_test" "Reuse two blocks reverse"
Directory: /mnt/c/Users/Saleh/Desktop/OS/Spring/OS_HW4_SPRING23/Wet/build/tests
"malloc_2.Reuse two blocks reverse" start time: Jul 02 00:34 IDT
Output:
----------------------------------------------------------
Filters: Reuse two blocks reverse
Randomness seeded to: 3257950395
===============================================================================
All tests passed (46 assertions in 1 test case)

<end of output>
Test time =   0.02 sec
----------------------------------------------------------
Test Passed.
"malloc_2.Reuse two blocks reverse" end time: Jul 02 00:34 IDT
"malloc_2.Reuse two blocks reverse" time elapsed: 00:00:00
----------------------------------------------------------

15/35 Testing: malloc_2.Reuse two blocks both
15/35 Test: malloc_2.Reuse two blocks both
Command: "/mnt/c/Users/Saleh/Desktop/OS/Spring/OS_HW4_SPRING23/Wet/build/tests/malloc_2_test" "Reuse two blocks both"
Directory: /mnt/c/Users/Saleh/Desktop/OS/Spring/OS_HW4_SPRING23/Wet/build/tests
"malloc_2.Reuse two blocks both" start time: Jul 02 00:34 IDT
Output:
----------------------------------------------------------
Filters: Reuse two blocks both
Randomness seeded to: 3217374308
===============================================================================
All tests passed (46 assertions in 1 test case)

<end of output>
Test time =   0.01 sec
----------------------------------------------------------
Test Passed.
"malloc_2.Reuse two blocks both" end time: Jul 02 00:34 IDT
"malloc_2.Reuse two blocks both" time elapsed: 00:00:00
----------------------------------------------------------

16/35 Testing: malloc_2.Reuse two blocks sizes small
16/35 Test: malloc_2.Reuse two blocks sizes small
Command: "/mnt/c/Users/Saleh/Desktop/OS/Spring/OS_HW4_SPRING23/Wet/build/tests/malloc_2_test" "Reuse two blocks sizes small"
Directory: /mnt/c/Users/Saleh/Desktop/OS/Spring/OS_HW4_SPRING23/Wet/build/tests
"malloc_2.Reuse two blocks sizes small" start time: Jul 02 00:34 IDT
Output:
----------------------------------------------------------
Filters: Reuse two blocks sizes small
Randomness seeded to: 4097031853
===============================================================================
All tests passed (46 assertions in 1 test case)

<end of output>
Test time =   0.01 sec
----------------------------------------------------------
Test Passed.
"malloc_2.Reuse two blocks sizes small" end time: Jul 02 00:34 IDT
"malloc_2.Reuse two blocks sizes small" time elapsed: 00:00:00
----------------------------------------------------------

17/35 Testing: malloc_2.Reuse two blocks sizes large
17/35 Test: malloc_2.Reuse two blocks sizes large
Command: "/mnt/c/Users/Saleh/Desktop/OS/Spring/OS_HW4_SPRING23/Wet/build/tests/malloc_2_test" "Reuse two blocks sizes large"
Directory: /mnt/c/Users/Saleh/Desktop/OS/Spring/OS_HW4_SPRING23/Wet/build/tests
"malloc_2.Reuse two blocks sizes large" start time: Jul 02 00:34 IDT
Output:
----------------------------------------------------------
Filters: Reuse two blocks sizes large
Randomness seeded to: 87070836
===============================================================================
All tests passed (46 assertions in 1 test case)

<end of output>
Test time =   0.01 sec
----------------------------------------------------------
Test Passed.
"malloc_2.Reuse two blocks sizes large" end time: Jul 02 00:34 IDT
"malloc_2.Reuse two blocks sizes large" time elapsed: 00:00:00
----------------------------------------------------------

18/35 Testing: malloc_2.scalloc
18/35 Test: malloc_2.scalloc
Command: "/mnt/c/Users/Saleh/Desktop/OS/Spring/OS_HW4_SPRING23/Wet/build/tests/malloc_2_test" "scalloc"
Directory: /mnt/c/Users/Saleh/Desktop/OS/Spring/OS_HW4_SPRING23/Wet/build/tests
"malloc_2.scalloc" start time: Jul 02 00:34 IDT
Output:
----------------------------------------------------------
Filters: scalloc
Randomness seeded to: 2065376878
===============================================================================
All tests passed (51 assertions in 1 test case)

<end of output>
Test time =   0.05 sec
----------------------------------------------------------
Test Passed.
"malloc_2.scalloc" end time: Jul 02 00:34 IDT
"malloc_2.scalloc" time elapsed: 00:00:00
----------------------------------------------------------

19/35 Testing: malloc_2.scalloc taint
19/35 Test: malloc_2.scalloc taint
Command: "/mnt/c/Users/Saleh/Desktop/OS/Spring/OS_HW4_SPRING23/Wet/build/tests/malloc_2_test" "scalloc taint"
Directory: /mnt/c/Users/Saleh/Desktop/OS/Spring/OS_HW4_SPRING23/Wet/build/tests
"malloc_2.scalloc taint" start time: Jul 02 00:34 IDT
Output:
----------------------------------------------------------
Filters: scalloc taint
Randomness seeded to: 1126835295
===============================================================================
All tests passed (232 assertions in 1 test case)

<end of output>
Test time =   0.02 sec
----------------------------------------------------------
Test Passed.
"malloc_2.scalloc taint" end time: Jul 02 00:34 IDT
"malloc_2.scalloc taint" time elapsed: 00:00:00
----------------------------------------------------------

20/35 Testing: malloc_2.scalloc 0 size
20/35 Test: malloc_2.scalloc 0 size
Command: "/mnt/c/Users/Saleh/Desktop/OS/Spring/OS_HW4_SPRING23/Wet/build/tests/malloc_2_test" "scalloc 0 size"
Directory: /mnt/c/Users/Saleh/Desktop/OS/Spring/OS_HW4_SPRING23/Wet/build/tests
"malloc_2.scalloc 0 size" start time: Jul 02 00:34 IDT
Output:
----------------------------------------------------------
Filters: scalloc 0 size
Randomness seeded to: 717234917
===============================================================================
All tests passed (21 assertions in 1 test case)

<end of output>
Test time =   0.01 sec
----------------------------------------------------------
Test Passed.
"malloc_2.scalloc 0 size" end time: Jul 02 00:34 IDT
"malloc_2.scalloc 0 size" time elapsed: 00:00:00
----------------------------------------------------------

21/35 Testing: malloc_2.scalloc Max size num
21/35 Test: malloc_2.scalloc Max size num
Command: "/mnt/c/Users/Saleh/Desktop/OS/Spring/OS_HW4_SPRING23/Wet/build/tests/malloc_2_test" "scalloc Max size num"
Directory: /mnt/c/Users/Saleh/Desktop/OS/Spring/OS_HW4_SPRING23/Wet/build/tests
"malloc_2.scalloc Max size num" start time: Jul 02 00:34 IDT
Output:
----------------------------------------------------------
Filters: scalloc Max size num
Randomness seeded to: 677958595
===============================================================================
All tests passed (27 assertions in 1 test case)

<end of output>
Test time =   0.11 sec
----------------------------------------------------------
Test Passed.
"malloc_2.scalloc Max size num" end time: Jul 02 00:34 IDT
"malloc_2.scalloc Max size num" time elapsed: 00:00:00
----------------------------------------------------------

22/35 Testing: malloc_2.scalloc Max size size
22/35 Test: malloc_2.scalloc Max size size
Command: "/mnt/c/Users/Saleh/Desktop/OS/Spring/OS_HW4_SPRING23/Wet/build/tests/malloc_2_test" "scalloc Max size size"
Directory: /mnt/c/Users/Saleh/Desktop/OS/Spring/OS_HW4_SPRING23/Wet/build/tests
"malloc_2.scalloc Max size size" start time: Jul 02 00:34 IDT
Output:
----------------------------------------------------------
Filters: scalloc Max size size
Randomness seeded to: 3134528025
===============================================================================
All tests passed (27 assertions in 1 test case)

<end of output>
Test time =   0.10 sec
----------------------------------------------------------
Test Passed.
"malloc_2.scalloc Max size size" end time: Jul 02 00:34 IDT
"malloc_2.scalloc Max size size" time elapsed: 00:00:00
----------------------------------------------------------

23/35 Testing: malloc_2.scalloc Max size both
23/35 Test: malloc_2.scalloc Max size both
Command: "/mnt/c/Users/Saleh/Desktop/OS/Spring/OS_HW4_SPRING23/Wet/build/tests/malloc_2_test" "scalloc Max size both"
Directory: /mnt/c/Users/Saleh/Desktop/OS/Spring/OS_HW4_SPRING23/Wet/build/tests
"malloc_2.scalloc Max size both" start time: Jul 02 00:34 IDT
Output:
----------------------------------------------------------
Filters: scalloc Max size both
Randomness seeded to: 1860210640
===============================================================================
All tests passed (35 assertions in 1 test case)

<end of output>
Test time =   0.11 sec
----------------------------------------------------------
Test Passed.
"malloc_2.scalloc Max size both" end time: Jul 02 00:34 IDT
"malloc_2.scalloc Max size both" time elapsed: 00:00:00
----------------------------------------------------------

24/35 Testing: malloc_2.realloc
24/35 Test: malloc_2.realloc
Command: "/mnt/c/Users/Saleh/Desktop/OS/Spring/OS_HW4_SPRING23/Wet/build/tests/malloc_2_test" "realloc"
Directory: /mnt/c/Users/Saleh/Desktop/OS/Spring/OS_HW4_SPRING23/Wet/build/tests
"malloc_2.realloc" start time: Jul 02 00:34 IDT
Output:
----------------------------------------------------------
Filters: realloc
Randomness seeded to: 3862136991
===============================================================================
All tests passed (36 assertions in 1 test case)

<end of output>
Test time =   0.01 sec
----------------------------------------------------------
Test Passed.
"malloc_2.realloc" end time: Jul 02 00:34 IDT
"malloc_2.realloc" time elapsed: 00:00:00
----------------------------------------------------------

25/35 Testing: malloc_2.realloc shrink
25/35 Test: malloc_2.realloc shrink
Command: "/mnt/c/Users/Saleh/Desktop/OS/Spring/OS_HW4_SPRING23/Wet/build/tests/malloc_2_test" "realloc shrink"
Directory: /mnt/c/Users/Saleh/Desktop/OS/Spring/OS_HW4_SPRING23/Wet/build/tests
"malloc_2.realloc shrink" start time: Jul 02 00:34 IDT
Output:
----------------------------------------------------------
Filters: realloc shrink
Randomness seeded to: 491926473
===============================================================================
All tests passed (36 assertions in 1 test case)

<end of output>
Test time =   0.01 sec
----------------------------------------------------------
Test Passed.
"malloc_2.realloc shrink" end time: Jul 02 00:34 IDT
"malloc_2.realloc shrink" time elapsed: 00:00:00
----------------------------------------------------------

26/35 Testing: malloc_2.srealloc Max size
26/35 Test: malloc_2.srealloc Max size
Command: "/mnt/c/Users/Saleh/Desktop/OS/Spring/OS_HW4_SPRING23/Wet/build/tests/malloc_2_test" "srealloc Max size"
Directory: /mnt/c/Users/Saleh/Desktop/OS/Spring/OS_HW4_SPRING23/Wet/build/tests
"malloc_2.srealloc Max size" start time: Jul 02 00:34 IDT
Output:
----------------------------------------------------------
Filters: srealloc Max size
Randomness seeded to: 854540514
===============================================================================
All tests passed (35 assertions in 1 test case)

<end of output>
Test time =   0.01 sec
----------------------------------------------------------
Test Passed.
"malloc_2.srealloc Max size" end time: Jul 02 00:34 IDT
"malloc_2.srealloc Max size" time elapsed: 00:00:00
----------------------------------------------------------

27/35 Testing: malloc_3.Challenge 0 - Memory Utilization
27/35 Test: malloc_3.Challenge 0 - Memory Utilization
Command: "/mnt/c/Users/Saleh/Desktop/OS/Spring/OS_HW4_SPRING23/Wet/build/tests/malloc_3_test" "Challenge 0 - Memory Utilization"
Directory: /mnt/c/Users/Saleh/Desktop/OS/Spring/OS_HW4_SPRING23/Wet/build/tests
"malloc_3.Challenge 0 - Memory Utilization" start time: Jul 02 00:34 IDT
Output:
----------------------------------------------------------
Filters: Challenge 0 - Memory Utilization
Randomness seeded to: 4172123105
===============================================================================
All tests passed (44 assertions in 1 test case)

<end of output>
Test time =   0.01 sec
----------------------------------------------------------
Test Passed.
"malloc_3.Challenge 0 - Memory Utilization" end time: Jul 02 00:34 IDT
"malloc_3.Challenge 0 - Memory Utilization" time elapsed: 00:00:00
----------------------------------------------------------

28/35 Testing: malloc_3.test all sizes
28/35 Test: malloc_3.test all sizes
Command: "/mnt/c/Users/Saleh/Desktop/OS/Spring/OS_HW4_SPRING23/Wet/build/tests/malloc_3_test" "test all sizes"
Directory: /mnt/c/Users/Saleh/Desktop/OS/Spring/OS_HW4_SPRING23/Wet/build/tests
"malloc_3.test all sizes" start time: Jul 02 00:34 IDT
Output:
----------------------------------------------------------
Filters: test all sizes
Randomness seeded to: 3137179015
===============================================================================
All tests passed (110 assertions in 1 test case)

<end of output>
Test time =   0.01 sec
----------------------------------------------------------
Test Passed.
"malloc_3.test all sizes" end time: Jul 02 00:34 IDT
"malloc_3.test all sizes" time elapsed: 00:00:00
----------------------------------------------------------

29/35 Testing: malloc_3.Finding buddies test
29/35 Test: malloc_3.Finding buddies test
Command: "/mnt/c/Users/Saleh/Desktop/OS/Spring/OS_HW4_SPRING23/Wet/build/tests/malloc_3_test" "Finding buddies test"
Directory: /mnt/c/Users/Saleh/Desktop/OS/Spring/OS_HW4_SPRING23/Wet/build/tests
"malloc_3.Finding buddies test" start time: Jul 02 00:34 IDT
Output:
----------------------------------------------------------
Filters: Finding buddies test
Randomness seeded to: 3913268132
===============================================================================
All tests passed (1420 assertions in 1 test case)

<end of output>
Test time =   0.02 sec
----------------------------------------------------------
Test Passed.
"malloc_3.Finding buddies test" end time: Jul 02 00:34 IDT
"malloc_3.Finding buddies test" time elapsed: 00:00:00
----------------------------------------------------------

30/35 Testing: malloc_3.multiple big allocs test
30/35 Test: malloc_3.multiple big allocs test
Command: "/mnt/c/Users/Saleh/Desktop/OS/Spring/OS_HW4_SPRING23/Wet/build/tests/malloc_3_test" "multiple big allocs test"
Directory: /mnt/c/Users/Saleh/Desktop/OS/Spring/OS_HW4_SPRING23/Wet/build/tests
"malloc_3.multiple big allocs test" start time: Jul 02 00:34 IDT
Output:
----------------------------------------------------------
Filters: multiple big allocs test
Randomness seeded to: 20354155
===============================================================================
All tests passed (1396 assertions in 1 test case)

<end of output>
Test time =   0.01 sec
----------------------------------------------------------
Test Passed.
"malloc_3.multiple big allocs test" end time: Jul 02 00:34 IDT
"malloc_3.multiple big allocs test" time elapsed: 00:00:00
----------------------------------------------------------

31/35 Testing: malloc_3.Exit Test
31/35 Test: malloc_3.Exit Test
Command: "/mnt/c/Users/Saleh/Desktop/OS/Spring/OS_HW4_SPRING23/Wet/build/tests/malloc_3_test" "Exit Test"
Directory: /mnt/c/Users/Saleh/Desktop/OS/Spring/OS_HW4_SPRING23/Wet/build/tests
"malloc_3.Exit Test" start time: Jul 02 00:34 IDT
Output:
----------------------------------------------------------
Filters: Exit Test
Randomness seeded to: 3478100844
Filters: Exit Test
Randomness seeded to: 3478100844
===============================================================================
All tests passed (2 assertions in 1 test case)

<end of output>
Test time =   0.02 sec
----------------------------------------------------------
Test Passed.
"malloc_3.Exit Test" end time: Jul 02 00:34 IDT
"malloc_3.Exit Test" time elapsed: 00:00:00
----------------------------------------------------------

32/35 Testing: malloc_3.srealloc test
32/35 Test: malloc_3.srealloc test
Command: "/mnt/c/Users/Saleh/Desktop/OS/Spring/OS_HW4_SPRING23/Wet/build/tests/malloc_3_test" "srealloc test"
Directory: /mnt/c/Users/Saleh/Desktop/OS/Spring/OS_HW4_SPRING23/Wet/build/tests
"malloc_3.srealloc test" start time: Jul 02 00:34 IDT
Output:
----------------------------------------------------------
Filters: srealloc test
Randomness seeded to: 3626091257
===============================================================================
All tests passed (23 assertions in 1 test case)

<end of output>
Test time =   0.01 sec
----------------------------------------------------------
Test Passed.
"malloc_3.srealloc test" end time: Jul 02 00:34 IDT
"malloc_3.srealloc test" time elapsed: 00:00:00
----------------------------------------------------------

33/35 Testing: malloc_3.scalloc test
33/35 Test: malloc_3.scalloc test
Command: "/mnt/c/Users/Saleh/Desktop/OS/Spring/OS_HW4_SPRING23/Wet/build/tests/malloc_3_test" "scalloc test"
Directory: /mnt/c/Users/Saleh/Desktop/OS/Spring/OS_HW4_SPRING23/Wet/build/tests
"malloc_3.scalloc test" start time: Jul 02 00:34 IDT
Output:
----------------------------------------------------------
Filters: scalloc test
Randomness seeded to: 1152919689
===============================================================================
All tests passed (27 assertions in 1 test case)

<end of output>
Test time =   0.01 sec
----------------------------------------------------------
Test Passed.
"malloc_3.scalloc test" end time: Jul 02 00:34 IDT
"malloc_3.scalloc test" time elapsed: 00:00:00
----------------------------------------------------------

34/35 Testing: malloc_3.srealloc merges test
34/35 Test: malloc_3.srealloc merges test
Command: "/mnt/c/Users/Saleh/Desktop/OS/Spring/OS_HW4_SPRING23/Wet/build/tests/malloc_3_test" "srealloc merges test"
Directory: /mnt/c/Users/Saleh/Desktop/OS/Spring/OS_HW4_SPRING23/Wet/build/tests
"malloc_3.srealloc merges test" start time: Jul 02 00:34 IDT
Output:
----------------------------------------------------------
Filters: srealloc merges test
Randomness seeded to: 4158802933
===============================================================================
All tests passed (39 assertions in 1 test case)

<end of output>
Test time =   0.02 sec
----------------------------------------------------------
Test Passed.
"malloc_3.srealloc merges test" end time: Jul 02 00:34 IDT
"malloc_3.srealloc merges test" time elapsed: 00:00:00
----------------------------------------------------------

35/35 Testing: malloc_3.weird values
35/35 Test: malloc_3.weird values
Command: "/mnt/c/Users/Saleh/Desktop/OS/Spring/OS_HW4_SPRING23/Wet/build/tests/malloc_3_test" "weird values"
Directory: /mnt/c/Users/Saleh/Desktop/OS/Spring/OS_HW4_SPRING23/Wet/build/tests
"malloc_3.weird values" start time: Jul 02 00:34 IDT
Output:
----------------------------------------------------------
Filters: weird values
Randomness seeded to: 1851197548
===============================================================================
All tests passed (11 assertions in 1 test case)

<end of output>
Test time =   0.02 sec
----------------------------------------------------------
Test Passed.
"malloc_3.weird values" end time: Jul 02 00:34 IDT
"malloc_3.weird values" time elapsed: 00:00:00
----------------------------------------------------------

End testing: Jul 02 00:34 IDT
